This is e-upTeX, Version 3.14159265-p3.7.1-u1.22-161114-2.6 (utf8.uptex) (TeX Live 2017/Debian) (preloaded format=uplatex 2020.1.22)  31 JAN 2022 09:13
entering extended mode
 restricted \write18 enabled.
 file:line:error style messages enabled.
 %&-line parsing enabled.
**thesis.tex
(./thesis.tex
pLaTeX2e <2017/10/28u01>+4 (based on LaTeX2e <2017-04-15>)
Babel <3.18> and hyphenation patterns for 3 language(s) loaded.
(/usr/share/texlive/texmf-dist/tex/platex/jsclasses/jsarticle.cls
Document Class: jsarticle 2017/10/04 jsclasses (okumura, texjporg)
\jsc@mpt=\dimen118
\jsc@mmm=\dimen119
\jsc@smallskipamount=\skip41
LaTeX Info: Redefining \rmfamily on input line 471.
LaTeX Info: Redefining \sffamily on input line 474.
LaTeX Info: Redefining \ttfamily on input line 477.
LaTeX Info: Redefining \textmc on input line 481.
LaTeX Info: Redefining \textgt on input line 483.
\symmincho=\mathgroup4
LaTeX Font Info:    Overwriting symbol font `mincho' in version `bold'
(Font)                  JY2/mc/m/n --> JY2/gt/m/n on input line 545.
LaTeX Font Info:    Font shape `JT2/mc/m/n' will be
(Font)              scaled to size 9.24683pt on input line 736.
LaTeX Font Info:    Font shape `JY2/mc/m/n' will be
(Font)              scaled to size 9.24683pt on input line 736.
\fullwidth=\dimen120
LaTeX Font Info:    Font shape `JT2/mc/m/n' will be
(Font)              scaled to size 7.39746pt on input line 889.
LaTeX Font Info:    Font shape `JY2/mc/m/n' will be
(Font)              scaled to size 7.39746pt on input line 889.
\c@part=\count82
\c@section=\count83
\c@subsection=\count84
\c@subsubsection=\count85
\c@paragraph=\count86
\c@subparagraph=\count87
\@abstractbox=\box42
\c@figure=\count88
\c@table=\count89
\abovecaptionskip=\skip42
\belowcaptionskip=\skip43
\jsc@tocl@width=\dimen121
\@lnumwidth=\dimen122
\bibindent=\dimen123
(/usr/share/texlive/texmf-dist/tex/platex/jsclasses/jslogo.sty
Package: jslogo 2017/02/24 okumura, texjporg
LaTeX Info: Redefining \TeX on input line 94.
LaTeX Info: Redefining \LaTeX on input line 147.
LaTeX Info: Redefining \LaTeXe on input line 200.
)
\heisei=\count90
)
(/usr/share/texlive/texmf-dist/tex/latex/graphics/graphicx.sty
Package: graphicx 2017/06/01 v1.1a Enhanced LaTeX Graphics (DPC,SPQR)

(/usr/share/texlive/texmf-dist/tex/latex/graphics/keyval.sty
Package: keyval 2014/10/28 v1.15 key=value parser (DPC)
\KV@toks@=\toks15
)
(/usr/share/texlive/texmf-dist/tex/latex/graphics/graphics.sty
Package: graphics 2017/06/25 v1.2c Standard LaTeX Graphics (DPC,SPQR)

(/usr/share/texlive/texmf-dist/tex/latex/graphics/trig.sty
Package: trig 2016/01/03 v1.10 sin cos tan (DPC)
)
(/usr/share/texlive/texmf-dist/tex/latex/graphics-cfg/graphics.cfg
File: graphics.cfg 2016/06/04 v1.11 sample graphics configuration
)
Package graphics Info: Driver file: dvipdfmx.def on input line 99.

(/usr/share/texlive/texmf-dist/tex/latex/graphics-def/dvipdfmx.def
File: dvipdfmx.def 2017/06/24 v5.0g Graphics/color driver for dvipdfmx
))
\Gin@req@height=\dimen124
\Gin@req@width=\dimen125
)
(/usr/share/texlive/texmf-dist/tex/latex/here/here.sty)
(/usr/share/texlive/texmf-dist/tex/latex/float/float.sty
Package: float 2001/11/08 v1.3d Float enhancements (AL)
\c@float@type=\count91
\float@exts=\toks16
\float@box=\box43
\@float@everytoks=\toks17
\@floatcapt=\box44
)
(/usr/share/texlive/texmf-dist/tex/latex/url/url.sty
\Urlmuskip=\muskip10
Package: url 2013/09/16  ver 3.4  Verb mode for urls, etc.
)
(/usr/share/texlive/texmf-dist/tex/latex/fancyhdr/fancyhdr.sty
Package: fancyhdr 2017/06/30 v3.9a Extensive control of page headers and footer
s
\f@nch@headwidth=\skip44
\f@nch@O@elh=\skip45
\f@nch@O@erh=\skip46
\f@nch@O@olh=\skip47
\f@nch@O@orh=\skip48
\f@nch@O@elf=\skip49
\f@nch@O@erf=\skip50
\f@nch@O@olf=\skip51
\f@nch@O@orf=\skip52
) (./thesis.aux
(./jacket.aux) (./sign.aux) (./abstract.aux) (./section/1st.aux)
(./section/2nd.aux) (./section/3rd.aux

LaTeX Warning: Label `sendrecv' multiply defined.

) (./section/4th.aux

LaTeX Warning: Label `対話が円滑に進んだ事例5' multiply defined.

) (./section/5th.aux) (./section/6th.aux))
\openout1 = `thesis.aux'.

LaTeX Font Info:    Checking defaults for OML/cmm/m/it on input line 19.
LaTeX Font Info:    ... okay on input line 19.
LaTeX Font Info:    Checking defaults for T1/cmr/m/n on input line 19.
LaTeX Font Info:    ... okay on input line 19.
LaTeX Font Info:    Checking defaults for OT1/cmr/m/n on input line 19.
LaTeX Font Info:    ... okay on input line 19.
LaTeX Font Info:    Checking defaults for OMS/cmsy/m/n on input line 19.
LaTeX Font Info:    ... okay on input line 19.
LaTeX Font Info:    Checking defaults for OMX/cmex/m/n on input line 19.
LaTeX Font Info:    ... okay on input line 19.
LaTeX Font Info:    Checking defaults for U/cmr/m/n on input line 19.
LaTeX Font Info:    ... okay on input line 19.
LaTeX Font Info:    Checking defaults for JY2/mc/m/n on input line 19.
LaTeX Font Info:    ... okay on input line 19.
LaTeX Font Info:    Checking defaults for JT2/mc/m/n on input line 19.
LaTeX Font Info:    ... okay on input line 19.
\openout2 = `jacket.aux'.

 (./jacket.tex
LaTeX Font Info:    Font shape `JT2/mc/m/n' will be
(Font)              scaled to size 11.09619pt on input line 21.
LaTeX Font Info:    Font shape `JY2/mc/m/n' will be
(Font)              scaled to size 11.09619pt on input line 21.
LaTeX Font Info:    External font `cmex10' loaded for size
(Font)              <7> on input line 26.
LaTeX Font Info:    External font `cmex10' loaded for size
(Font)              <5> on input line 26.
LaTeX Font Info:    Font shape `JY2/mc/m/n' will be
(Font)              scaled to size 6.47278pt on input line 26.
LaTeX Font Info:    Font shape `JY2/mc/m/n' will be
(Font)              scaled to size 4.62341pt on input line 26.
 [1


])
\openout2 = `sign.aux'.

 (./sign.tex
[1


])
\openout2 = `abstract.aux'.

 (./abstract.tex
LaTeX Font Info:    Font shape `JT2/mc/m/n' will be
(Font)              scaled to size 13.31541pt on input line 2.
LaTeX Font Info:    Font shape `JY2/mc/m/n' will be
(Font)              scaled to size 13.31541pt on input line 2.
LaTeX Font Info:    Font shape `JT2/gt/m/n' will be
(Font)              scaled to size 13.31541pt on input line 2.
LaTeX Font Info:    Font shape `JY2/gt/m/n' will be
(Font)              scaled to size 13.31541pt on input line 2.
) [1


]
LaTeX Font Info:    Font shape `JT2/gt/m/n' will be
(Font)              scaled to size 9.24683pt on input line 29.
LaTeX Font Info:    Font shape `JY2/gt/m/n' will be
(Font)              scaled to size 9.24683pt on input line 29.
 (./thesis.toc [2

])
\tf@toc=\write3
\openout3 = `thesis.toc'.

 [3]
\openout2 = `section/1st.aux'.

 (./section/1st.tex
LaTeX Font Info:    Font shape `JT2/gt/m/n' will be
(Font)              scaled to size 11.09619pt on input line 4.
LaTeX Font Info:    Font shape `JY2/gt/m/n' will be
(Font)              scaled to size 11.09619pt on input line 4.
LaTeX Font Info:    Font shape `JT2/mc/m/n' will be
(Font)              scaled to size 6.47278pt on input line 9.
LaTeX Font Info:    External font `cmex10' loaded for size
(Font)              <8> on input line 9.
LaTeX Font Info:    External font `cmex10' loaded for size
(Font)              <6> on input line 9.
LaTeX Font Info:    Font shape `JY2/mc/m/n' will be
(Font)              scaled to size 5.5481pt on input line 9.
LaTeX Font Info:    Font shape `JT2/mc/m/n' will be
(Font)              scaled to size 5.5481pt on input line 9.
File: pic/commuai.pdf Graphic file (type pdf)
<pic/commuai.pdf>
LaTeX Font Info:    Font shape `JT2/mc/m/n' will be
(Font)              scaled to size 8.32214pt on input line 13.
LaTeX Font Info:    Font shape `JY2/mc/m/n' will be
(Font)              scaled to size 8.32214pt on input line 13.
 [1

])
[2]
\openout2 = `section/2nd.aux'.

 (./section/2nd.tex) [3


]
\openout2 = `section/3rd.aux'.

 (./section/3rd.tex
File: pic/overview_system.pdf Graphic file (type pdf)
<pic/overview_system.pdf>
File: pic/ai.pdf Graphic file (type pdf)
<pic/ai.pdf>
LaTeX Font Info:    Try loading font information for OMS+cmr on input line 33.

(/usr/share/texlive/texmf-dist/tex/latex/base/omscmr.fd
File: omscmr.fd 2014/09/29 v2.5h Standard LaTeX font definitions
)
LaTeX Font Info:    Font shape `OMS/cmr/m/n' in size <10> not available
(Font)              Font shape `OMS/cmsy/m/n' tried instead on input line 33.
 [4


] [5] [6]
File: pic/flow.pdf Graphic file (type pdf)
<pic/flow.pdf>

Overfull \hbox (13.96062pt too wide) in paragraph at lines 153--154
 [][] 
 []

File: pic/how2choice.pdf Graphic file (type pdf)
<pic/how2choice.pdf>
[7] [8] [9]
File: pic/frame.pdf Graphic file (type pdf)
<pic/frame.pdf>

Overfull \hbox (32.15726pt too wide) in paragraph at lines 202--223
 [][][][] 
 []

[10] [11]) [12]
\openout2 = `section/4th.aux'.

 (./section/4th.tex
File: pic/6place.pdf Graphic file (type pdf)
<pic/6place.pdf>

Overfull \hbox (45.57874pt too wide) in paragraph at lines 12--13
 [][] 
 []

[13


]
LaTeX Font Info:    Font shape `JT2/mc/bx/n' in size <10> not available
(Font)              Font shape `JT2/gt/m/n' tried instead on input line 24.
LaTeX Font Info:    Font shape `JT2/gt/m/n' will be
(Font)              scaled to size 9.24683pt on input line 24.
LaTeX Font Info:    Font shape `JY2/mc/bx/n' in size <10> not available
(Font)              Font shape `JY2/gt/m/n' tried instead on input line 24.
LaTeX Font Info:    Font shape `JY2/gt/m/n' will be
(Font)              scaled to size 9.24683pt on input line 24.
File: pic/robot_location.pdf Graphic file (type pdf)
<pic/robot_location.pdf>

Overfull \hbox (45.57874pt too wide) in paragraph at lines 48--49
 [][] 
 []

[14] [15]
File: pic/AB_location.pdf Graphic file (type pdf)
<pic/AB_location.pdf>
 [16] [17]
File: pic/example01.pdf Graphic file (type pdf)
<pic/example01.pdf>
File: pic/example02.pdf Graphic file (type pdf)
<pic/example02.pdf>
 [18]
File: pic/example03.pdf Graphic file (type pdf)
<pic/example03.pdf>
File: pic/example04.pdf Graphic file (type pdf)
<pic/example04.pdf>
File: pic/example05.pdf Graphic file (type pdf)
<pic/example05.pdf>
File: pic/example11.pdf Graphic file (type pdf)
<pic/example11.pdf>


LaTeX Warning: Reference `対話が進んだ事例' on page 19 undefined on inp
ut line 195.

File: pic/example12.pdf Graphic file (type pdf)
<pic/example12.pdf>
[19] [20]
File: pic/example21.pdf Graphic file (type pdf)
<pic/example21.pdf>

Overfull \hbox (162.84778pt too wide) in paragraph at lines 225--231
 [][][][] 
 []

[21]) [22]
\openout2 = `section/5th.aux'.

 (./section/5th.tex) [23


]
\openout2 = `section/6th.aux'.

 (./section/6th.tex) [24


]
Underfull \hbox (badness 2189) in paragraph at lines 60--61
[]\OT1/cmr/m/n/10 Google\JY2/mc/m/n/10 ． 音声文字変換 \OT1/cmr/m/n/10 S
peech-to-Text\JY2/mc/m/n/10 ． \OT1/cmr/m/n/10 https://cloud.google.com/speech
-to-
 []

(./thesis.bbl
LaTeX Font Info:    Font shape `JT2/gt/m/it' in size <10> not available
(Font)              Font shape `JT2/gt/m/n' tried instead on input line 31.
LaTeX Font Info:    Font shape `JT2/gt/m/n' will be
(Font)              scaled to size 9.24683pt on input line 31.
LaTeX Font Info:    Font shape `JY2/gt/m/it' in size <10> not available
(Font)              Font shape `JY2/gt/m/n' tried instead on input line 31.
LaTeX Font Info:    Font shape `JY2/gt/m/n' will be
(Font)              scaled to size 9.24683pt on input line 31.
 [25

]) [26] (./thesis.aux (./jacket.aux) (./sign.aux)
(./abstract.aux) (./section/1st.aux) (./section/2nd.aux) (./section/3rd.aux)
(./section/4th.aux) (./section/5th.aux) (./section/6th.aux))

LaTeX Warning: There were undefined references.


LaTeX Warning: There were multiply-defined labels.

 ) 
Here is how much of TeX's memory you used:
 1314 strings out of 495109
 16570 string characters out of 6185002
 78993 words of memory out of 5000000
 4734 multiletter control sequences out of 15000+600000
 13183 words of font info for 66 fonts, out of 8000000 for 9000
 19 hyphenation exceptions out of 8191
 31i,10n,43p,2147b,389s stack positions out of 5000i,500n,10000p,200000b,80000s

Output written on thesis.dvi (31 pages, 87568 bytes).
